[W 17:02:37.917 NotebookApp] server_extensions is deprecated, use nbserver_extensions
[I 17:02:37.920 NotebookApp] Writing notebook server cookie secret to /root/.local/share/jupyter/runtime/notebook_cookie_secret
[I 17:02:37.949 NotebookApp] [jupyter_nbextensions_configurator] enabled 0.2.5
[I 17:02:37.951 NotebookApp] Serving notebooks from local directory: /root/volume
[I 17:02:37.951 NotebookApp] 0 active kernels 
[I 17:02:37.951 NotebookApp] The Jupyter Notebook is running at: http://0.0.0.0:8888/
[I 17:02:37.951 NotebookApp] Use Control-C to stop this server and shut down all kernels (twice to skip confirmation).
[I 17:02:52.213 NotebookApp] 302 GET / (172.17.0.1) 0.56ms
[I 17:02:52.216 NotebookApp] 302 GET /tree? (172.17.0.1) 1.07ms
[I 17:02:54.292 NotebookApp] 302 POST /login?next=%2Ftree%3F (172.17.0.1) 2.47ms
[W 17:02:57.497 NotebookApp] 404 GET /favicon.ico (172.17.0.1) 4.84ms referer=http://localhost:8888/view/README.md
[I 17:03:06.545 NotebookApp] Creating new notebook in 
[I 17:03:06.580 NotebookApp] Writing notebook-signing key to /root/.local/share/jupyter/notebook_secret
[I 17:03:06.938 NotebookApp] Kernel started: c054c4c6-157c-41b7-9c6a-b5e09f2e5fcb
[W 17:03:06.958 NotebookApp] 404 GET /static/components/bootstrap/js/tooltip.js?v=20170607170237 (172.17.0.1) 1.30ms referer=http://localhost:8888/notebooks/Untitled.ipynb?kernel_name=python3
[W 17:03:07.027 NotebookApp] 404 GET /nbextensions/widgets/notebook/js/extension.js?v=20170607170237 (172.17.0.1) 1.05ms referer=http://localhost:8888/notebooks/Untitled.ipynb?kernel_name=python3
[I 17:03:45.130 NotebookApp] interrupted
jupyter config..
{'NotebookApp': {'ip': '0.0.0.0', 'notebook_dir': '/root/volume', 'port': 8888, 'password': 'sha1:f6e3c9411f6f:32ce507b2f89c839d12a6a0ce9cd1fd14ef59994', 'open_browser': False}}
jupyter config..
{'NotebookApp': {'ip': '0.0.0.0', 'notebook_dir': '/root/volume', 'port': 8888, 'open_browser': False}}
Serving notebooks from local directory: /root/volume
1 active kernels 
The Jupyter Notebook is running at: http://0.0.0.0:8888/
Shutdown this notebook server (y/[n])? [C 17:03:46.193 NotebookApp] received signal 2, stopping
[I 17:03:46.195 NotebookApp] Shutting down kernels
[C 17:03:46.447 NotebookApp] received signal 2, stopping
[I 17:03:46.597 NotebookApp] Kernel shutdown: c054c4c6-157c-41b7-9c6a-b5e09f2e5fcb
Collecting Flask<=0.12 (from -r /root/volume/requirements.txt (line 1))
  Downloading Flask-0.12-py2.py3-none-any.whl (82kB)
Collecting fabric<=1.13 (from -r /root/volume/requirements.txt (line 2))
  Downloading Fabric-1.13.0.tar.gz (217kB)
Collecting pytest<=3.0 (from -r /root/volume/requirements.txt (line 3))
  Downloading pytest-3.0.0-py2.py3-none-any.whl (168kB)
Collecting pytest-flask<=0.10 (from -r /root/volume/requirements.txt (line 4))
  Downloading pytest_flask-0.10.0-py2.py3-none-any.whl
Collecting pycrypto<=2.6 (from -r /root/volume/requirements.txt (line 5))
  Downloading pycrypto-2.6.tar.gz (443kB)
Collecting docker (from -r /root/volume/requirements.txt (line 6))
  Downloading docker-2.3.0-py2.py3-none-any.whl (108kB)
Collecting airflow (from -r /root/volume/requirements.txt (line 7))
  Downloading airflow-1.8.0.tar.gz (8.4MB)
Collecting tensorflow (from -r /root/volume/requirements.txt (line 8))
  Downloading tensorflow-1.1.0-cp35-cp35m-manylinux1_x86_64.whl (31.0MB)
Collecting click>=2.0 (from Flask<=0.12->-r /root/volume/requirements.txt (line 1))
  Downloading click-6.7-py2.py3-none-any.whl (71kB)
Requirement already satisfied: Jinja2>=2.4 in /usr/local/lib/python3.5/dist-packages (from Flask<=0.12->-r /root/volume/requirements.txt (line 1))
Collecting Werkzeug>=0.7 (from Flask<=0.12->-r /root/volume/requirements.txt (line 1))
  Downloading Werkzeug-0.12.2-py2.py3-none-any.whl (312kB)
Collecting itsdangerous>=0.21 (from Flask<=0.12->-r /root/volume/requirements.txt (line 1))
  Downloading itsdangerous-0.24.tar.gz (46kB)
Collecting paramiko<3.0,>=1.10 (from fabric<=1.13->-r /root/volume/requirements.txt (line 2))
  Downloading paramiko-2.1.2-py2.py3-none-any.whl (172kB)
Collecting py>=1.4.29 (from pytest<=3.0->-r /root/volume/requirements.txt (line 3))
  Downloading py-1.4.34-py2.py3-none-any.whl (84kB)
Requirement already satisfied: six>=1.4.0 in /usr/local/lib/python3.5/dist-packages (from docker->-r /root/volume/requirements.txt (line 6))
Collecting websocket-client>=0.32.0 (from docker->-r /root/volume/requirements.txt (line 6))
  Downloading websocket_client-0.40.0.tar.gz (196kB)
Collecting docker-pycreds>=0.2.1 (from docker->-r /root/volume/requirements.txt (line 6))
  Downloading docker_pycreds-0.2.1-py2.py3-none-any.whl
Requirement already satisfied: requests!=2.11.0,!=2.12.2,>=2.5.2 in /usr/local/lib/python3.5/dist-packages (from docker->-r /root/volume/requirements.txt (line 6))
Collecting alembic<0.9,>=0.8.3 (from airflow->-r /root/volume/requirements.txt (line 7))
  Downloading alembic-0.8.10.tar.gz (976kB)
Collecting croniter<0.4,>=0.3.8 (from airflow->-r /root/volume/requirements.txt (line 7))
  Downloading croniter-0.3.17.tar.gz
Collecting dill<0.3,>=0.2.2 (from airflow->-r /root/volume/requirements.txt (line 7))
  Downloading dill-0.2.6.zip (83kB)
Collecting flask-admin==1.4.1 (from airflow->-r /root/volume/requirements.txt (line 7))
  Downloading Flask-Admin-1.4.1.tar.gz (922kB)
Collecting flask-cache<0.14,>=0.13.1 (from airflow->-r /root/volume/requirements.txt (line 7))
  Downloading Flask-Cache-0.13.1.tar.gz (45kB)
Collecting flask-login==0.2.11 (from airflow->-r /root/volume/requirements.txt (line 7))
  Downloading Flask-Login-0.2.11.tar.gz
Collecting flask-swagger==0.2.13 (from airflow->-r /root/volume/requirements.txt (line 7))
  Downloading flask-swagger-0.2.13.tar.gz
Collecting flask-wtf==0.12 (from airflow->-r /root/volume/requirements.txt (line 7))
  Downloading Flask-WTF-0.12.tar.gz (247kB)
Collecting funcsigs==1.0.0 (from airflow->-r /root/volume/requirements.txt (line 7))
  Downloading funcsigs-1.0.0-py2.py3-none-any.whl
Collecting future<0.16,>=0.15.0 (from airflow->-r /root/volume/requirements.txt (line 7))
  Downloading future-0.15.2.tar.gz (1.6MB)
Collecting gitpython>=2.0.2 (from airflow->-r /root/volume/requirements.txt (line 7))
  Downloading GitPython-2.1.3-py2.py3-none-any.whl (442kB)
Collecting gunicorn<19.4.0,>=19.3.0 (from airflow->-r /root/volume/requirements.txt (line 7))
  Downloading gunicorn-19.3.0-py2.py3-none-any.whl (110kB)
Collecting lxml<4.0,>=3.6.0 (from airflow->-r /root/volume/requirements.txt (line 7))
  Downloading lxml-3.8.0-cp35-cp35m-manylinux1_x86_64.whl (7.2MB)
Collecting markdown<3.0,>=2.5.2 (from airflow->-r /root/volume/requirements.txt (line 7))
  Downloading Markdown-2.6.8.tar.gz (307kB)
Requirement already satisfied: pandas<1.0.0,>=0.17.1 in /usr/local/lib/python3.5/dist-packages (from airflow->-r /root/volume/requirements.txt (line 7))
Collecting psutil<5.0.0,>=4.2.0 (from airflow->-r /root/volume/requirements.txt (line 7))
  Downloading psutil-4.4.2.tar.gz (1.8MB)
Requirement already satisfied: pygments<3.0,>=2.0.1 in /usr/local/lib/python3.5/dist-packages (from airflow->-r /root/volume/requirements.txt (line 7))
Collecting python-daemon<2.2,>=2.1.1 (from airflow->-r /root/volume/requirements.txt (line 7))
  Downloading python_daemon-2.1.2-py2.py3-none-any.whl
Requirement already satisfied: python-dateutil<3,>=2.3 in /usr/local/lib/python3.5/dist-packages (from airflow->-r /root/volume/requirements.txt (line 7))
Collecting python-nvd3==0.14.2 (from airflow->-r /root/volume/requirements.txt (line 7))
  Downloading python-nvd3-0.14.2.tar.gz
Collecting setproctitle<2,>=1.1.8 (from airflow->-r /root/volume/requirements.txt (line 7))
  Downloading setproctitle-1.1.10.tar.gz
Collecting sqlalchemy>=0.9.8 (from airflow->-r /root/volume/requirements.txt (line 7))
  Downloading SQLAlchemy-1.1.10.tar.gz (5.2MB)
Collecting tabulate<0.8.0,>=0.7.5 (from airflow->-r /root/volume/requirements.txt (line 7))
  Downloading tabulate-0.7.7-py2.py3-none-any.whl
Collecting thrift<0.10,>=0.9.2 (from airflow->-r /root/volume/requirements.txt (line 7))
  Downloading thrift-0.9.3.tar.gz
Collecting zope.deprecation<5.0,>=4.0 (from airflow->-r /root/volume/requirements.txt (line 7))
  Downloading zope.deprecation-4.2.0-py2.py3-none-any.whl
Requirement already satisfied: numpy>=1.11.0 in /usr/local/lib/python3.5/dist-packages (from tensorflow->-r /root/volume/requirements.txt (line 8))
Collecting protobuf>=3.2.0 (from tensorflow->-r /root/volume/requirements.txt (line 8))
  Downloading protobuf-3.3.0-cp35-cp35m-manylinux1_x86_64.whl (5.7MB)
Collecting wheel>=0.26 (from tensorflow->-r /root/volume/requirements.txt (line 8))
  Downloading wheel-0.29.0-py2.py3-none-any.whl (66kB)
Requirement already satisfied: MarkupSafe>=0.23 in /usr/local/lib/python3.5/dist-packages (from Jinja2>=2.4->Flask<=0.12->-r /root/volume/requirements.txt (line 1))
Requirement already satisfied: pyasn1>=0.1.7 in /usr/local/lib/python3.5/dist-packages (from paramiko<3.0,>=1.10->fabric<=1.13->-r /root/volume/requirements.txt (line 2))
Requirement already satisfied: cryptography>=1.1 in /usr/local/lib/python3.5/dist-packages (from paramiko<3.0,>=1.10->fabric<=1.13->-r /root/volume/requirements.txt (line 2))
Requirement already satisfied: certifi>=2017.4.17 in /usr/local/lib/python3.5/dist-packages (from requests!=2.11.0,!=2.12.2,>=2.5.2->docker->-r /root/volume/requirements.txt (line 6))
Requirement already satisfied: idna<2.6,>=2.5 in /usr/local/lib/python3.5/dist-packages (from requests!=2.11.0,!=2.12.2,>=2.5.2->docker->-r /root/volume/requirements.txt (line 6))
Requirement already satisfied: urllib3<1.22,>=1.21.1 in /usr/local/lib/python3.5/dist-packages (from requests!=2.11.0,!=2.12.2,>=2.5.2->docker->-r /root/volume/requirements.txt (line 6))
Requirement already satisfied: chardet<3.1.0,>=3.0.2 in /usr/local/lib/python3.5/dist-packages (from requests!=2.11.0,!=2.12.2,>=2.5.2->docker->-r /root/volume/requirements.txt (line 6))
Collecting Mako (from alembic<0.9,>=0.8.3->airflow->-r /root/volume/requirements.txt (line 7))
  Downloading Mako-1.0.6.tar.gz (575kB)
Collecting python-editor>=0.3 (from alembic<0.9,>=0.8.3->airflow->-r /root/volume/requirements.txt (line 7))
  Downloading python-editor-1.0.3.tar.gz
Collecting wtforms (from flask-admin==1.4.1->airflow->-r /root/volume/requirements.txt (line 7))
  Downloading WTForms-2.1.zip (553kB)
Requirement already satisfied: PyYAML>=3.0 in /usr/local/lib/python3.5/dist-packages (from flask-swagger==0.2.13->airflow->-r /root/volume/requirements.txt (line 7))
Collecting ordereddict (from funcsigs==1.0.0->airflow->-r /root/volume/requirements.txt (line 7))
  Downloading ordereddict-1.1.tar.gz
Collecting gitdb2>=2.0.0 (from gitpython>=2.0.2->airflow->-r /root/volume/requirements.txt (line 7))
  Downloading gitdb2-2.0.2-py2.py3-none-any.whl (63kB)
Requirement already satisfied: pytz>=2011k in /usr/local/lib/python3.5/dist-packages (from pandas<1.0.0,>=0.17.1->airflow->-r /root/volume/requirements.txt (line 7))
Collecting lockfile>=0.10 (from python-daemon<2.2,>=2.1.1->airflow->-r /root/volume/requirements.txt (line 7))
  Downloading lockfile-0.12.2-py2.py3-none-any.whl
Requirement already satisfied: setuptools in /usr/local/lib/python3.5/dist-packages (from python-daemon<2.2,>=2.1.1->airflow->-r /root/volume/requirements.txt (line 7))
Collecting docutils (from python-daemon<2.2,>=2.1.1->airflow->-r /root/volume/requirements.txt (line 7))
  Downloading docutils-0.13.1-py3-none-any.whl (536kB)
Collecting python-slugify==1.1.4 (from python-nvd3==0.14.2->airflow->-r /root/volume/requirements.txt (line 7))
  Downloading python-slugify-1.1.4.tar.gz
Requirement already satisfied: asn1crypto>=0.21.0 in /usr/local/lib/python3.5/dist-packages (from cryptography>=1.1->paramiko<3.0,>=1.10->fabric<=1.13->-r /root/volume/requirements.txt (line 2))
Requirement already satisfied: cffi>=1.7 in /usr/local/lib/python3.5/dist-packages (from cryptography>=1.1->paramiko<3.0,>=1.10->fabric<=1.13->-r /root/volume/requirements.txt (line 2))
Collecting smmap2>=2.0.0 (from gitdb2>=2.0.0->gitpython>=2.0.2->airflow->-r /root/volume/requirements.txt (line 7))
  Downloading smmap2-2.0.2-py2.py3-none-any.whl
Collecting Unidecode>=0.04.16 (from python-slugify==1.1.4->python-nvd3==0.14.2->airflow->-r /root/volume/requirements.txt (line 7))
  Downloading Unidecode-0.04.20-py2.py3-none-any.whl (228kB)
Requirement already satisfied: pycparser in /usr/local/lib/python3.5/dist-packages (from cffi>=1.7->cryptography>=1.1->paramiko<3.0,>=1.10->fabric<=1.13->-r /root/volume/requirements.txt (line 2))
Installing collected packages: click, Werkzeug, itsdangerous, Flask, paramiko, fabric, py, pytest, pytest-flask, pycrypto, websocket-client, docker-pycreds, docker, sqlalchemy, Mako, python-editor, alembic, croniter, dill, wtforms, flask-admin, flask-cache, flask-login, flask-swagger, flask-wtf, ordereddict, funcsigs, future, smmap2, gitdb2, gitpython, gunicorn, lxml, markdown, psutil, lockfile, docutils, python-daemon, Unidecode, python-slugify, python-nvd3, setproctitle, tabulate, thrift, zope.deprecation, airflow, protobuf, wheel, tensorflow
  Running setup.py install for itsdangerous: started
    Running setup.py install for itsdangerous: finished with status 'done'
  Running setup.py install for fabric: started
    Running setup.py install for fabric: finished with status 'done'
  Running setup.py install for pycrypto: started
    Running setup.py install for pycrypto: finished with status 'done'
  Running setup.py install for websocket-client: started
    Running setup.py install for websocket-client: finished with status 'done'
  Running setup.py install for sqlalchemy: started
    Running setup.py install for sqlalchemy: finished with status 'done'
  Running setup.py install for Mako: started
    Running setup.py install for Mako: finished with status 'done'
  Running setup.py install for python-editor: started
    Running setup.py install for python-editor: finished with status 'done'
  Running setup.py install for alembic: started
    Running setup.py install for alembic: finished with status 'done'
  Running setup.py install for croniter: started
    Running setup.py install for croniter: finished with status 'done'
  Running setup.py install for dill: started
    Running setup.py install for dill: finished with status 'done'
  Running setup.py install for wtforms: started
    Running setup.py install for wtforms: finished with status 'done'
  Running setup.py install for flask-admin: started
    Running setup.py install for flask-admin: finished with status 'done'
  Running setup.py install for flask-cache: started
    Running setup.py install for flask-cache: finished with status 'done'
  Running setup.py install for flask-login: started
    Running setup.py install for flask-login: finished with status 'done'
  Running setup.py install for flask-swagger: started
    Running setup.py install for flask-swagger: finished with status 'done'
  Running setup.py install for flask-wtf: started
    Running setup.py install for flask-wtf: finished with status 'done'
  Running setup.py install for ordereddict: started
    Running setup.py install for ordereddict: finished with status 'done'
  Running setup.py install for future: started
    Running setup.py install for future: finished with status 'done'
  Running setup.py install for markdown: started
    Running setup.py install for markdown: finished with status 'done'
  Found existing installation: psutil 5.2.2
    Uninstalling psutil-5.2.2:
      Successfully uninstalled psutil-5.2.2
  Running setup.py install for psutil: started
    Running setup.py install for psutil: finished with status 'done'
  Running setup.py install for python-slugify: started
    Running setup.py install for python-slugify: finished with status 'done'
  Running setup.py install for python-nvd3: started
    Running setup.py install for python-nvd3: finished with status 'done'
  Running setup.py install for setproctitle: started
    Running setup.py install for setproctitle: finished with status 'done'
  Running setup.py install for thrift: started
    Running setup.py install for thrift: finished with status 'done'
  Running setup.py install for airflow: started
    Running setup.py install for airflow: finished with status 'done'
Successfully installed Flask-0.12 Mako-1.0.6 Unidecode-0.4.20 Werkzeug-0.12.2 airflow-1.8.0 alembic-0.8.10 click-6.7 croniter-0.3.17 dill-0.2.6 docker-2.3.0 docker-pycreds-0.2.1 docutils-0.13.1 fabric-1.13.0 flask-admin-1.4.1 flask-cache-0.13.1 flask-login-0.2.11 flask-swagger-0.2.13 flask-wtf-0.12 funcsigs-1.0.0 future-0.15.2 gitdb2-2.0.2 gitpython-2.1.3 gunicorn-19.3.0 itsdangerous-0.24 lockfile-0.12.2 lxml-3.8.0 markdown-2.6.8 ordereddict-1.1 paramiko-2.1.2 protobuf-3.3.0 psutil-4.4.2 py-1.4.34 pycrypto-2.6 pytest-3.0.0 pytest-flask-0.10.0 python-daemon-2.1.2 python-editor-1.0.3 python-nvd3-0.14.2 python-slugify-1.1.4 setproctitle-1.1.10 smmap2-2.0.2 sqlalchemy-1.1.10 tabulate-0.7.7 tensorflow-1.1.0 thrift-0.9.3 websocket-client-0.40.0 wheel-0.29.0 wtforms-2.1 zope.deprecation-4.2.0
Requirement already satisfied: Flask<=0.12 in /usr/local/lib/python3.5/dist-packages (from -r /root/volume/requirements.txt (line 1))
Requirement already satisfied: fabric<=1.13 in /usr/local/lib/python3.5/dist-packages (from -r /root/volume/requirements.txt (line 2))
Requirement already satisfied: pytest<=3.0 in /usr/local/lib/python3.5/dist-packages (from -r /root/volume/requirements.txt (line 3))
Requirement already satisfied: pytest-flask<=0.10 in /usr/local/lib/python3.5/dist-packages (from -r /root/volume/requirements.txt (line 4))
Requirement already satisfied: pycrypto<=2.6 in /usr/local/lib/python3.5/dist-packages (from -r /root/volume/requirements.txt (line 5))
Requirement already satisfied: docker in /usr/local/lib/python3.5/dist-packages (from -r /root/volume/requirements.txt (line 6))
Requirement already satisfied: airflow in /usr/local/lib/python3.5/dist-packages (from -r /root/volume/requirements.txt (line 7))
Requirement already satisfied: tensorflow in /usr/local/lib/python3.5/dist-packages (from -r /root/volume/requirements.txt (line 8))
Requirement already satisfied: Werkzeug>=0.7 in /usr/local/lib/python3.5/dist-packages (from Flask<=0.12->-r /root/volume/requirements.txt (line 1))
Requirement already satisfied: Jinja2>=2.4 in /usr/local/lib/python3.5/dist-packages (from Flask<=0.12->-r /root/volume/requirements.txt (line 1))
Requirement already satisfied: itsdangerous>=0.21 in /usr/local/lib/python3.5/dist-packages (from Flask<=0.12->-r /root/volume/requirements.txt (line 1))
Requirement already satisfied: click>=2.0 in /usr/local/lib/python3.5/dist-packages (from Flask<=0.12->-r /root/volume/requirements.txt (line 1))
Requirement already satisfied: paramiko<3.0,>=1.10 in /usr/local/lib/python3.5/dist-packages (from fabric<=1.13->-r /root/volume/requirements.txt (line 2))
Requirement already satisfied: py>=1.4.29 in /usr/local/lib/python3.5/dist-packages (from pytest<=3.0->-r /root/volume/requirements.txt (line 3))
Requirement already satisfied: requests!=2.11.0,!=2.12.2,>=2.5.2 in /usr/local/lib/python3.5/dist-packages (from docker->-r /root/volume/requirements.txt (line 6))
Requirement already satisfied: docker-pycreds>=0.2.1 in /usr/local/lib/python3.5/dist-packages (from docker->-r /root/volume/requirements.txt (line 6))
Requirement already satisfied: websocket-client>=0.32.0 in /usr/local/lib/python3.5/dist-packages (from docker->-r /root/volume/requirements.txt (line 6))
Requirement already satisfied: six>=1.4.0 in /usr/local/lib/python3.5/dist-packages (from docker->-r /root/volume/requirements.txt (line 6))
Requirement already satisfied: alembic<0.9,>=0.8.3 in /usr/local/lib/python3.5/dist-packages (from airflow->-r /root/volume/requirements.txt (line 7))
Requirement already satisfied: croniter<0.4,>=0.3.8 in /usr/local/lib/python3.5/dist-packages (from airflow->-r /root/volume/requirements.txt (line 7))
Requirement already satisfied: dill<0.3,>=0.2.2 in /usr/local/lib/python3.5/dist-packages (from airflow->-r /root/volume/requirements.txt (line 7))
Requirement already satisfied: flask-admin==1.4.1 in /usr/local/lib/python3.5/dist-packages (from airflow->-r /root/volume/requirements.txt (line 7))
Requirement already satisfied: flask-cache<0.14,>=0.13.1 in /usr/local/lib/python3.5/dist-packages (from airflow->-r /root/volume/requirements.txt (line 7))
Requirement already satisfied: flask-login==0.2.11 in /usr/local/lib/python3.5/dist-packages (from airflow->-r /root/volume/requirements.txt (line 7))
Requirement already satisfied: flask-swagger==0.2.13 in /usr/local/lib/python3.5/dist-packages (from airflow->-r /root/volume/requirements.txt (line 7))
Requirement already satisfied: flask-wtf==0.12 in /usr/local/lib/python3.5/dist-packages (from airflow->-r /root/volume/requirements.txt (line 7))
Requirement already satisfied: funcsigs==1.0.0 in /usr/local/lib/python3.5/dist-packages (from airflow->-r /root/volume/requirements.txt (line 7))
Requirement already satisfied: future<0.16,>=0.15.0 in /usr/local/lib/python3.5/dist-packages (from airflow->-r /root/volume/requirements.txt (line 7))
Requirement already satisfied: gitpython>=2.0.2 in /usr/local/lib/python3.5/dist-packages (from airflow->-r /root/volume/requirements.txt (line 7))
Requirement already satisfied: gunicorn<19.4.0,>=19.3.0 in /usr/local/lib/python3.5/dist-packages (from airflow->-r /root/volume/requirements.txt (line 7))
Requirement already satisfied: lxml<4.0,>=3.6.0 in /usr/local/lib/python3.5/dist-packages (from airflow->-r /root/volume/requirements.txt (line 7))
Requirement already satisfied: markdown<3.0,>=2.5.2 in /usr/local/lib/python3.5/dist-packages (from airflow->-r /root/volume/requirements.txt (line 7))
Requirement already satisfied: pandas<1.0.0,>=0.17.1 in /usr/local/lib/python3.5/dist-packages (from airflow->-r /root/volume/requirements.txt (line 7))
Requirement already satisfied: psutil<5.0.0,>=4.2.0 in /usr/local/lib/python3.5/dist-packages (from airflow->-r /root/volume/requirements.txt (line 7))
Requirement already satisfied: pygments<3.0,>=2.0.1 in /usr/local/lib/python3.5/dist-packages (from airflow->-r /root/volume/requirements.txt (line 7))
Requirement already satisfied: python-daemon<2.2,>=2.1.1 in /usr/local/lib/python3.5/dist-packages (from airflow->-r /root/volume/requirements.txt (line 7))
Requirement already satisfied: python-dateutil<3,>=2.3 in /usr/local/lib/python3.5/dist-packages (from airflow->-r /root/volume/requirements.txt (line 7))
Requirement already satisfied: python-nvd3==0.14.2 in /usr/local/lib/python3.5/dist-packages (from airflow->-r /root/volume/requirements.txt (line 7))
Requirement already satisfied: setproctitle<2,>=1.1.8 in /usr/local/lib/python3.5/dist-packages (from airflow->-r /root/volume/requirements.txt (line 7))
Requirement already satisfied: sqlalchemy>=0.9.8 in /usr/local/lib/python3.5/dist-packages (from airflow->-r /root/volume/requirements.txt (line 7))
Requirement already satisfied: tabulate<0.8.0,>=0.7.5 in /usr/local/lib/python3.5/dist-packages (from airflow->-r /root/volume/requirements.txt (line 7))
Requirement already satisfied: thrift<0.10,>=0.9.2 in /usr/local/lib/python3.5/dist-packages (from airflow->-r /root/volume/requirements.txt (line 7))
Requirement already satisfied: zope.deprecation<5.0,>=4.0 in /usr/local/lib/python3.5/dist-packages (from airflow->-r /root/volume/requirements.txt (line 7))
Requirement already satisfied: wheel>=0.26 in /usr/local/lib/python3.5/dist-packages (from tensorflow->-r /root/volume/requirements.txt (line 8))
Requirement already satisfied: numpy>=1.11.0 in /usr/local/lib/python3.5/dist-packages (from tensorflow->-r /root/volume/requirements.txt (line 8))
Requirement already satisfied: protobuf>=3.2.0 in /usr/local/lib/python3.5/dist-packages (from tensorflow->-r /root/volume/requirements.txt (line 8))
Requirement already satisfied: MarkupSafe>=0.23 in /usr/local/lib/python3.5/dist-packages (from Jinja2>=2.4->Flask<=0.12->-r /root/volume/requirements.txt (line 1))
Requirement already satisfied: pyasn1>=0.1.7 in /usr/local/lib/python3.5/dist-packages (from paramiko<3.0,>=1.10->fabric<=1.13->-r /root/volume/requirements.txt (line 2))
Requirement already satisfied: cryptography>=1.1 in /usr/local/lib/python3.5/dist-packages (from paramiko<3.0,>=1.10->fabric<=1.13->-r /root/volume/requirements.txt (line 2))
Requirement already satisfied: idna<2.6,>=2.5 in /usr/local/lib/python3.5/dist-packages (from requests!=2.11.0,!=2.12.2,>=2.5.2->docker->-r /root/volume/requirements.txt (line 6))
Requirement already satisfied: urllib3<1.22,>=1.21.1 in /usr/local/lib/python3.5/dist-packages (from requests!=2.11.0,!=2.12.2,>=2.5.2->docker->-r /root/volume/requirements.txt (line 6))
Requirement already satisfied: chardet<3.1.0,>=3.0.2 in /usr/local/lib/python3.5/dist-packages (from requests!=2.11.0,!=2.12.2,>=2.5.2->docker->-r /root/volume/requirements.txt (line 6))
Requirement already satisfied: certifi>=2017.4.17 in /usr/local/lib/python3.5/dist-packages (from requests!=2.11.0,!=2.12.2,>=2.5.2->docker->-r /root/volume/requirements.txt (line 6))
Requirement already satisfied: Mako in /usr/local/lib/python3.5/dist-packages (from alembic<0.9,>=0.8.3->airflow->-r /root/volume/requirements.txt (line 7))
Requirement already satisfied: python-editor>=0.3 in /usr/local/lib/python3.5/dist-packages (from alembic<0.9,>=0.8.3->airflow->-r /root/volume/requirements.txt (line 7))
Requirement already satisfied: wtforms in /usr/local/lib/python3.5/dist-packages (from flask-admin==1.4.1->airflow->-r /root/volume/requirements.txt (line 7))
Requirement already satisfied: PyYAML>=3.0 in /usr/local/lib/python3.5/dist-packages (from flask-swagger==0.2.13->airflow->-r /root/volume/requirements.txt (line 7))
Requirement already satisfied: ordereddict in /usr/local/lib/python3.5/dist-packages (from funcsigs==1.0.0->airflow->-r /root/volume/requirements.txt (line 7))
Requirement already satisfied: gitdb2>=2.0.0 in /usr/local/lib/python3.5/dist-packages (from gitpython>=2.0.2->airflow->-r /root/volume/requirements.txt (line 7))
Requirement already satisfied: pytz>=2011k in /usr/local/lib/python3.5/dist-packages (from pandas<1.0.0,>=0.17.1->airflow->-r /root/volume/requirements.txt (line 7))
Requirement already satisfied: setuptools in /usr/local/lib/python3.5/dist-packages (from python-daemon<2.2,>=2.1.1->airflow->-r /root/volume/requirements.txt (line 7))
Requirement already satisfied: lockfile>=0.10 in /usr/local/lib/python3.5/dist-packages (from python-daemon<2.2,>=2.1.1->airflow->-r /root/volume/requirements.txt (line 7))
Requirement already satisfied: docutils in /usr/local/lib/python3.5/dist-packages (from python-daemon<2.2,>=2.1.1->airflow->-r /root/volume/requirements.txt (line 7))
Requirement already satisfied: python-slugify==1.1.4 in /usr/local/lib/python3.5/dist-packages (from python-nvd3==0.14.2->airflow->-r /root/volume/requirements.txt (line 7))
Requirement already satisfied: asn1crypto>=0.21.0 in /usr/local/lib/python3.5/dist-packages (from cryptography>=1.1->paramiko<3.0,>=1.10->fabric<=1.13->-r /root/volume/requirements.txt (line 2))
Requirement already satisfied: cffi>=1.7 in /usr/local/lib/python3.5/dist-packages (from cryptography>=1.1->paramiko<3.0,>=1.10->fabric<=1.13->-r /root/volume/requirements.txt (line 2))
Requirement already satisfied: smmap2>=2.0.0 in /usr/local/lib/python3.5/dist-packages (from gitdb2>=2.0.0->gitpython>=2.0.2->airflow->-r /root/volume/requirements.txt (line 7))
Requirement already satisfied: Unidecode>=0.04.16 in /usr/local/lib/python3.5/dist-packages (from python-slugify==1.1.4->python-nvd3==0.14.2->airflow->-r /root/volume/requirements.txt (line 7))
Requirement already satisfied: pycparser in /usr/local/lib/python3.5/dist-packages (from cffi>=1.7->cryptography>=1.1->paramiko<3.0,>=1.10->fabric<=1.13->-r /root/volume/requirements.txt (line 2))
Enabling notebook extension toggle_all_line_numbers/main...
      - Validating: [32mOK[0m
jupyter config..
{'NotebookApp': {'port': 8888, 'open_browser': False, 'ip': '0.0.0.0', 'notebook_dir': '/root/volume', 'password': 'sha1:f0104b1935b3:a2ca2388ee24a63895c5a2e65eb69718ac93325f'}}
jupyter config..
{'NotebookApp': {'port': 8888, 'open_browser': False, 'ip': '0.0.0.0', 'notebook_dir': '/root/volume'}}
Enabling notebook extension codefolding/main...
      - Validating: [32mOK[0m
jupyter config..
{'NotebookApp': {'password': 'sha1:7c2610077e18:50d59a83f605e00c42827e9816d1939e5b69b672', 'open_browser': False, 'notebook_dir': '/root/volume', 'port': 8888, 'ip': '0.0.0.0'}}
jupyter config..
{'NotebookApp': {'open_browser': False, 'notebook_dir': '/root/volume', 'port': 8888, 'ip': '0.0.0.0'}}
Enabling notebook extension help_panel/help_panel...
      - Validating: [32mOK[0m
jupyter config..
{'NotebookApp': {'notebook_dir': '/root/volume', 'ip': '0.0.0.0', 'port': 8888, 'password': 'sha1:5b745a6ef17e:383a4c1e6e3f6c4c4d95a82b0b5d0cc3ce479e81', 'open_browser': False}}
jupyter config..
{'NotebookApp': {'notebook_dir': '/root/volume', 'ip': '0.0.0.0', 'port': 8888, 'open_browser': False}}
[W 17:11:01.328 NotebookApp] server_extensions is deprecated, use nbserver_extensions
[I 17:11:01.331 NotebookApp] Writing notebook server cookie secret to /root/.local/share/jupyter/runtime/notebook_cookie_secret
[I 17:11:01.363 NotebookApp] [jupyter_nbextensions_configurator] enabled 0.2.5
[I 17:11:01.365 NotebookApp] Serving notebooks from local directory: /root/volume
[I 17:11:01.365 NotebookApp] 0 active kernels 
[I 17:11:01.365 NotebookApp] The Jupyter Notebook is running at: http://0.0.0.0:8888/
[I 17:11:01.365 NotebookApp] Use Control-C to stop this server and shut down all kernels (twice to skip confirmation).
[I 17:11:07.360 NotebookApp] 302 GET /api/contents/Untitled.ipynb?content=0&_=1496854986735 (172.17.0.1) 3.17ms
[W 17:11:07.385 NotebookApp] None
[W 17:11:07.385 NotebookApp] 403 PUT /api/contents/Untitled.ipynb (172.17.0.1) 1.00ms referer=http://localhost:8888/notebooks/Untitled.ipynb?kernel_name=python3
[I 17:11:53.440 NotebookApp] 302 GET /api/sessions?_=1496854974411 (172.17.0.1) 2.63ms
[I 17:11:53.444 NotebookApp] 302 GET /api/terminals?_=1496854974412 (172.17.0.1) 1.94ms
[I 17:12:03.929 NotebookApp] 302 GET /tree (172.17.0.1) 1.88ms
[I 17:12:05.869 NotebookApp] 302 POST /login?next=%2Ftree (172.17.0.1) 0.85ms
[I 17:12:08.412 NotebookApp] Writing notebook-signing key to /root/.local/share/jupyter/notebook_secret
[W 17:12:08.413 NotebookApp] Notebook Untitled.ipynb is not trusted
[I 17:12:08.467 NotebookApp] Kernel started: 4b90cda1-d097-44c0-95f5-d6d7b4b6c68f
[W 17:12:08.493 NotebookApp] 404 GET /static/components/bootstrap/js/tooltip.js?v=20170607171101 (172.17.0.1) 5.74ms referer=http://localhost:8888/notebooks/Untitled.ipynb
[W 17:12:08.520 NotebookApp] 404 GET /nbextensions/widgets/notebook/js/extension.js?v=20170607171101 (172.17.0.1) 1.24ms referer=http://localhost:8888/notebooks/Untitled.ipynb
[I 17:14:08.473 NotebookApp] Saving file at /Untitled.ipynb
